<?xml version="1.0" encoding="UTF-8"?>
<!-- Generated by org.testng.reporters.JUnitReportReporter -->
<testsuite hostname="5420-TI13428" failures="0" tests="1" name="com.uiautomation.test.loginPageTest" time="0.381" errors="0" timestamp="06 Mar 2024 18:53:41 GMT" skipped="0">
  <testcase classname="com.uiautomation.test.loginPageTest" name="loginApplication" time="0.381"/>
</testsuite> <!-- com.uiautomation.test.loginPageTest -->
